<?xml version="1.0" encoding="UTF-8"?>
<!-- Generated by org.testng.reporters.JUnitReportReporter -->
<testsuite hostname="LP-000873.local" failures="0" tests="6" name="com.qa.crm2.tests.AccountsPageTest" time="2.918" errors="0" timestamp="2025-07-25T08:52:01 IST" skipped="0">
  <testcase classname="com.qa.crm2.tests.AccountsPageTest" name="searchTest" time="1.969"/>
  <testcase classname="com.qa.crm2.tests.AccountsPageTest" name="isLogoutLinkExistTest" time="0.390"/>
  <testcase classname="com.qa.crm2.tests.AccountsPageTest" name="accPageURLTest" time="0.014"/>
  <testcase classname="com.qa.crm2.tests.AccountsPageTest" name="accPageHeadersTest" time="0.093"/>
  <testcase classname="com.qa.crm2.tests.AccountsPageTest" name="accPageTitleTest" time="0.022"/>
  <testcase classname="com.qa.crm2.tests.AccountsPageTest" name="isMyAccountLinkExistTest" time="0.430"/>
</testsuite> <!-- com.qa.crm2.tests.AccountsPageTest -->
