<?xml version="1.0" encoding="UTF-8"?>
<!-- Generated by org.testng.reporters.JUnitReportReporter -->
<testsuite hostname="LP-000873.local" failures="0" tests="4" name="com.qa.crm2.tests.LoginPageTest" time="6.388" errors="0" timestamp="2025-07-24T14:08:16 IST" skipped="0">
  <testcase classname="com.qa.crm2.tests.LoginPageTest" name="loginPageTitleTest" time="0.031"/>
  <testcase classname="com.qa.crm2.tests.LoginPageTest" name="forgotPwdLinkExistTest" time="1.430"/>
  <testcase classname="com.qa.crm2.tests.LoginPageTest" name="loginTest" time="4.906"/>
  <testcase classname="com.qa.crm2.tests.LoginPageTest" name="loginPageUrlTest" time="0.021"/>
</testsuite> <!-- com.qa.crm2.tests.LoginPageTest -->
