<?xml version="1.0" encoding="UTF-8"?>
<!-- Generated by org.testng.reporters.JUnitReportReporter -->
<testsuite hostname="LP-000873.local" failures="0" tests="4" name="com.qa.crm2.tests.LoginPageTest" time="7.159" errors="0" timestamp="2025-07-25T08:52:01 IST" skipped="0">
  <testcase classname="com.qa.crm2.tests.LoginPageTest" name="forgotPwdLinkExistTest" time="1.313"/>
  <testcase classname="com.qa.crm2.tests.LoginPageTest" name="loginTest" time="5.731"/>
  <testcase classname="com.qa.crm2.tests.LoginPageTest" name="loginPageUrlTest" time="0.066"/>
  <testcase classname="com.qa.crm2.tests.LoginPageTest" name="loginPageTitleTest" time="0.049"/>
</testsuite> <!-- com.qa.crm2.tests.LoginPageTest -->
