<?xml version="1.0" encoding="UTF-8"?>
<!-- Generated by org.testng.reporters.JUnitReportReporter -->
<testsuite hostname="LP-000873.local" failures="0" tests="4" name="com.qa.crm2.tests.LoginPageTest" time="6.290" errors="0" timestamp="2025-07-24T12:14:14 IST" skipped="0">
  <testcase classname="com.qa.crm2.tests.LoginPageTest" name="forgotPwdLinkExistTest" time="0.791"/>
  <testcase classname="com.qa.crm2.tests.LoginPageTest" name="loginPageUrlTest" time="0.013"/>
  <testcase classname="com.qa.crm2.tests.LoginPageTest" name="loginPageTitleTest" time="0.011"/>
  <testcase classname="com.qa.crm2.tests.LoginPageTest" name="loginTest" time="5.475"/>
</testsuite> <!-- com.qa.crm2.tests.LoginPageTest -->
