<?xml version="1.0" encoding="UTF-8"?>
<!-- Generated by org.testng.reporters.JUnitReportReporter -->
<testsuite hostname="LP-000873.local" failures="0" tests="1" name="com.qa.crm2.tests.SearchResultsTest" time="2.154" errors="0" timestamp="2025-07-21T16:09:15 IST" skipped="0">
  <testcase classname="com.qa.crm2.tests.SearchResultsTest" name="searchResultsTest" time="2.154"/>
</testsuite> <!-- com.qa.crm2.tests.SearchResultsTest -->
