<?xml version="1.0" encoding="UTF-8"?>
<!-- Generated by org.testng.reporters.JUnitReportReporter -->
<testsuite hostname="LP-000873.local" failures="0" tests="6" name="com.qa.crm2.tests.AccountsPageTest" time="2.940" errors="0" timestamp="2025-07-21T16:09:15 IST" skipped="0">
  <testcase classname="com.qa.crm2.tests.AccountsPageTest" name="accPageHeadersTest" time="0.322"/>
  <testcase classname="com.qa.crm2.tests.AccountsPageTest" name="accPageURLTest" time="0.020"/>
  <testcase classname="com.qa.crm2.tests.AccountsPageTest" name="searchTest" time="1.610"/>
  <testcase classname="com.qa.crm2.tests.AccountsPageTest" name="isLogoutLinkExistTest" time="0.690"/>
  <testcase classname="com.qa.crm2.tests.AccountsPageTest" name="accPageTitleTest" time="0.018"/>
  <testcase classname="com.qa.crm2.tests.AccountsPageTest" name="isMyAccountLinkExistTest" time="0.280"/>
</testsuite> <!-- com.qa.crm2.tests.AccountsPageTest -->
