<?xml version="1.0" encoding="UTF-8"?>
<!-- Generated by org.testng.reporters.JUnitReportReporter -->
<testsuite hostname="LP-000873.local" failures="0" tests="1" name="com.qa.crm2.tests.ProductPageInfoTest" time="3.055" errors="0" timestamp="2025-07-21T17:11:32 IST" skipped="0">
  <testcase classname="com.qa.crm2.tests.ProductPageInfoTest" name="productHeaderTest" time="3.055"/>
</testsuite> <!-- com.qa.crm2.tests.ProductPageInfoTest -->
