<?xml version="1.0" encoding="UTF-8"?>
<!-- Generated by org.testng.reporters.JUnitReportReporter -->
<testsuite hostname="LP-000873.local" failures="0" tests="4" name="com.qa.crm2.tests.SearchResultsTest" time="4.243" errors="0" timestamp="2025-07-24T11:50:37 IST" skipped="0">
  <testcase classname="com.qa.crm2.tests.SearchResultsTest" name="searchResultsCountTest" time="2.029"/>
  <testcase classname="com.qa.crm2.tests.SearchResultsTest" name="searchResultsCountTest" time="0.912"/>
  <testcase classname="com.qa.crm2.tests.SearchResultsTest" name="searchResultsTest" time="0.605"/>
  <testcase classname="com.qa.crm2.tests.SearchResultsTest" name="searchResultsCountTest" time="0.697"/>
</testsuite> <!-- com.qa.crm2.tests.SearchResultsTest -->
