<?xml version="1.0" encoding="UTF-8"?>
<!-- Generated by org.testng.reporters.JUnitReportReporter -->
<testsuite hostname="LP-000873.local" failures="0" tests="2" name="com.qa.crm2.tests.ProductPageInfoTest" time="6.540" errors="0" timestamp="2025-07-22T11:42:06 IST" skipped="0">
  <testcase classname="com.qa.crm2.tests.ProductPageInfoTest" name="productHeaderTest" time="3.522"/>
  <testcase classname="com.qa.crm2.tests.ProductPageInfoTest" name="productImagesCountTest" time="3.018"/>
</testsuite> <!-- com.qa.crm2.tests.ProductPageInfoTest -->
