<?xml version="1.0" encoding="UTF-8"?>
<!-- Generated by org.testng.reporters.JUnitReportReporter -->
<testsuite hostname="LP-000873.local" failures="0" tests="15" name="com.qa.crm2.tests.ProductPageInfoTest" time="113.079" errors="0" timestamp="2025-07-24T12:14:14 IST" skipped="0">
  <testcase classname="com.qa.crm2.tests.ProductPageInfoTest" name="productImagesCountTest" time="7.261"/>
  <testcase classname="com.qa.crm2.tests.ProductPageInfoTest" name="addItemTest" time="13.481"/>
  <testcase classname="com.qa.crm2.tests.ProductPageInfoTest" name="productImagesCountTest" time="4.410"/>
  <testcase classname="com.qa.crm2.tests.ProductPageInfoTest" name="productInfoTest" time="6.755"/>
  <testcase classname="com.qa.crm2.tests.ProductPageInfoTest" name="productHeaderTest" time="7.682"/>
  <testcase classname="com.qa.crm2.tests.ProductPageInfoTest" name="productImagesCountTest" time="6.675"/>
  <testcase classname="com.qa.crm2.tests.ProductPageInfoTest" name="productImagesCountTest" time="10.043"/>
  <testcase classname="com.qa.crm2.tests.ProductPageInfoTest" name="productImagesCountTest" time="4.736"/>
  <testcase classname="com.qa.crm2.tests.ProductPageInfoTest" name="productImagesCountTest" time="7.372"/>
  <testcase classname="com.qa.crm2.tests.ProductPageInfoTest" name="productHeaderTest" time="6.715"/>
  <testcase classname="com.qa.crm2.tests.ProductPageInfoTest" name="productHeaderTest" time="9.315"/>
  <testcase classname="com.qa.crm2.tests.ProductPageInfoTest" name="productHeaderTest" time="12.779"/>
  <testcase classname="com.qa.crm2.tests.ProductPageInfoTest" name="productImagesCountTest" time="7.230"/>
  <testcase classname="com.qa.crm2.tests.ProductPageInfoTest" name="productImagesCountTest" time="4.332"/>
  <testcase classname="com.qa.crm2.tests.ProductPageInfoTest" name="productImagesCountTest" time="4.293"/>
</testsuite> <!-- com.qa.crm2.tests.ProductPageInfoTest -->
