<?xml version="1.0" encoding="UTF-8"?>
<!-- Generated by org.testng.reporters.JUnitReportReporter -->
<testsuite hostname="LP-000873.local" failures="0" tests="4" name="com.qa.crm2.tests.LoginPageTest" time="5.938" errors="0" timestamp="2025-07-21T16:09:15 IST" skipped="0">
  <testcase classname="com.qa.crm2.tests.LoginPageTest" name="loginTest" time="4.312"/>
  <testcase classname="com.qa.crm2.tests.LoginPageTest" name="loginPageUrlTest" time="0.095"/>
  <testcase classname="com.qa.crm2.tests.LoginPageTest" name="forgotPwdLinkExistTest" time="1.421"/>
  <testcase classname="com.qa.crm2.tests.LoginPageTest" name="loginPageTitleTest" time="0.110"/>
</testsuite> <!-- com.qa.crm2.tests.LoginPageTest -->
