<?xml version="1.0" encoding="UTF-8"?>
<!-- Generated by org.testng.reporters.JUnitReportReporter -->
<testsuite hostname="LP-000873.local" failures="0" tests="15" name="com.qa.crm2.tests.ProductPageInfoTest" time="41.953" errors="0" timestamp="2025-07-25T08:59:09 IST" skipped="0">
  <testcase classname="com.qa.crm2.tests.ProductPageInfoTest" name="addItemTest" time="8.021"/>
  <testcase classname="com.qa.crm2.tests.ProductPageInfoTest" name="productImagesCountTest" time="2.018"/>
  <testcase classname="com.qa.crm2.tests.ProductPageInfoTest" name="productHeaderTest" time="2.114"/>
  <testcase classname="com.qa.crm2.tests.ProductPageInfoTest" name="productInfoTest" time="1.443"/>
  <testcase classname="com.qa.crm2.tests.ProductPageInfoTest" name="productImagesCountTest" time="1.991"/>
  <testcase classname="com.qa.crm2.tests.ProductPageInfoTest" name="productImagesCountTest" time="2.047"/>
  <testcase classname="com.qa.crm2.tests.ProductPageInfoTest" name="productHeaderTest" time="3.316"/>
  <testcase classname="com.qa.crm2.tests.ProductPageInfoTest" name="productImagesCountTest" time="2.145"/>
  <testcase classname="com.qa.crm2.tests.ProductPageInfoTest" name="productHeaderTest" time="2.282"/>
  <testcase classname="com.qa.crm2.tests.ProductPageInfoTest" name="productImagesCountTest" time="3.165"/>
  <testcase classname="com.qa.crm2.tests.ProductPageInfoTest" name="productHeaderTest" time="2.240"/>
  <testcase classname="com.qa.crm2.tests.ProductPageInfoTest" name="productImagesCountTest" time="3.824"/>
  <testcase classname="com.qa.crm2.tests.ProductPageInfoTest" name="productImagesCountTest" time="1.953"/>
  <testcase classname="com.qa.crm2.tests.ProductPageInfoTest" name="productImagesCountTest" time="2.828"/>
  <testcase classname="com.qa.crm2.tests.ProductPageInfoTest" name="productImagesCountTest" time="2.566"/>
</testsuite> <!-- com.qa.crm2.tests.ProductPageInfoTest -->
