<?xml version="1.0" encoding="UTF-8"?>
<!-- Generated by org.testng.reporters.JUnitReportReporter -->
<testsuite hostname="LP-000873.local" failures="0" tests="4" name="com.qa.crm2.tests.LoginPageTest" time="11.367" errors="0" timestamp="2025-07-24T19:13:55 IST" skipped="0">
  <testcase classname="com.qa.crm2.tests.LoginPageTest" name="loginPageUrlTest" time="0.021"/>
  <testcase classname="com.qa.crm2.tests.LoginPageTest" name="loginPageTitleTest" time="0.023"/>
  <testcase classname="com.qa.crm2.tests.LoginPageTest" name="loginTest" time="10.207"/>
  <testcase classname="com.qa.crm2.tests.LoginPageTest" name="forgotPwdLinkExistTest" time="1.116"/>
</testsuite> <!-- com.qa.crm2.tests.LoginPageTest -->
