<?xml version="1.0" encoding="UTF-8"?>
<!-- Generated by org.testng.reporters.JUnitReportReporter -->
<testsuite hostname="LP-000873.local" failures="0" tests="6" name="com.qa.crm2.tests.AccountsPageTest" time="3.115" errors="0" timestamp="2025-07-24T11:20:48 IST" skipped="0">
  <testcase classname="com.qa.crm2.tests.AccountsPageTest" name="accPageTitleTest" time="0.126"/>
  <testcase classname="com.qa.crm2.tests.AccountsPageTest" name="isLogoutLinkExistTest" time="0.142"/>
  <testcase classname="com.qa.crm2.tests.AccountsPageTest" name="searchTest" time="2.414"/>
  <testcase classname="com.qa.crm2.tests.AccountsPageTest" name="accPageHeadersTest" time="0.166"/>
  <testcase classname="com.qa.crm2.tests.AccountsPageTest" name="accPageURLTest" time="0.114"/>
  <testcase classname="com.qa.crm2.tests.AccountsPageTest" name="isMyAccountLinkExistTest" time="0.153"/>
</testsuite> <!-- com.qa.crm2.tests.AccountsPageTest -->
