<?xml version="1.0" encoding="UTF-8"?>
<!-- Generated by org.testng.reporters.JUnitReportReporter -->
<testsuite hostname="LP-000873.local" failures="0" tests="6" name="com.qa.crm2.tests.AccountsPageTest" time="1.771" errors="0" timestamp="2025-07-23T14:00:17 IST" skipped="0">
  <testcase classname="com.qa.crm2.tests.AccountsPageTest" name="searchTest" time="1.181"/>
  <testcase classname="com.qa.crm2.tests.AccountsPageTest" name="accPageTitleTest" time="0.015"/>
  <testcase classname="com.qa.crm2.tests.AccountsPageTest" name="accPageURLTest" time="0.023"/>
  <testcase classname="com.qa.crm2.tests.AccountsPageTest" name="isMyAccountLinkExistTest" time="0.101"/>
  <testcase classname="com.qa.crm2.tests.AccountsPageTest" name="accPageHeadersTest" time="0.131"/>
  <testcase classname="com.qa.crm2.tests.AccountsPageTest" name="isLogoutLinkExistTest" time="0.320"/>
</testsuite> <!-- com.qa.crm2.tests.AccountsPageTest -->
