<?xml version="1.0" encoding="UTF-8"?>
<!-- Generated by org.testng.reporters.JUnitReportReporter -->
<testsuite hostname="LP-000873.local" failures="0" tests="4" name="com.qa.crm2.tests.SearchResultsTest" time="8.952" errors="0" timestamp="2025-07-24T19:13:55 IST" skipped="0">
  <testcase classname="com.qa.crm2.tests.SearchResultsTest" name="searchResultsCountTest" time="5.257"/>
  <testcase classname="com.qa.crm2.tests.SearchResultsTest" name="searchResultsTest" time="1.076"/>
  <testcase classname="com.qa.crm2.tests.SearchResultsTest" name="searchResultsCountTest" time="1.185"/>
  <testcase classname="com.qa.crm2.tests.SearchResultsTest" name="searchResultsCountTest" time="1.434"/>
</testsuite> <!-- com.qa.crm2.tests.SearchResultsTest -->
