<?xml version="1.0" encoding="UTF-8"?>
<!-- Generated by org.testng.reporters.JUnitReportReporter -->
<testsuite hostname="LP-000873.local" failures="0" tests="4" name="com.qa.crm2.tests.SearchResultsTest" time="3.180" errors="0" timestamp="2025-07-23T14:00:17 IST" skipped="0">
  <testcase classname="com.qa.crm2.tests.SearchResultsTest" name="searchResultsTest" time="0.519"/>
  <testcase classname="com.qa.crm2.tests.SearchResultsTest" name="searchResultsCountTest" time="0.733"/>
  <testcase classname="com.qa.crm2.tests.SearchResultsTest" name="searchResultsCountTest" time="0.700"/>
  <testcase classname="com.qa.crm2.tests.SearchResultsTest" name="searchResultsCountTest" time="1.228"/>
</testsuite> <!-- com.qa.crm2.tests.SearchResultsTest -->
